<?xml version="1.0" encoding="UTF-8"?>
<!-- Generated by org.testng.reporters.JUnitXMLReporter -->
<testsuite hostname="ATMECSINLT-065" ignored="0" name="Test" tests="1" failures="1" timestamp="27 Sep 2019 15:02:53 GMT" time="32.997" errors="0">
  <testcase name="context" time="7.362" classname="com.atmecs.script.ContextMenuScript">
    <failure type="org.openqa.selenium.JavascriptException" message="javascript error: Cannot read property &amp;apos;left&amp;apos; of undefined
  (Session info: chrome=77.0.3865.90)
Build info: version: &amp;apos;4.0.0-alpha-2&amp;apos;, revision: &amp;apos;f148142cf8&amp;apos;, time: &amp;apos;2019-07-01T20:55:26&amp;apos;
System info: host: &amp;apos;ATMECSINLT-065&amp;apos;, ip: &amp;apos;55.55.52.104&amp;apos;, os.name: &amp;apos;Windows 10&amp;apos;, os.arch: &amp;apos;amd64&amp;apos;, os.version: &amp;apos;10.0&amp;apos;, java.version: &amp;apos;1.8.0_221&amp;apos;
Driver info: org.openqa.selenium.chrome.ChromeDriver
Capabilities {acceptInsecureCerts: false, browserName: chrome, browserVersion: 77.0.3865.90, chrome: {chromedriverVersion: 76.0.3809.126 (d80a294506b4..., userDataDir: C:\Users\MOHIT~1.JAI\AppDat...}, goog:chromeOptions: {debuggerAddress: localhost:52106}, javascriptEnabled: true, networkConnectionEnabled: false, pageLoadStrategy: normal, platform: XP, platformName: XP, proxy: Proxy(), setWindowRect: true, strictFileInteractability: false, timeouts: {implicit: 0, pageLoad: 300000, script: 30000}, unhandledPromptBehavior: dismiss and notify}
Session ID: 2f07d17d1b4794803aa3f14239b7e756">
      <![CDATA[org.openqa.selenium.JavascriptException: javascript error: Cannot read property 'left' of undefined
  (Session info: chrome=77.0.3865.90)
Build info: version: '4.0.0-alpha-2', revision: 'f148142cf8', time: '2019-07-01T20:55:26'
System info: host: 'ATMECSINLT-065', ip: '55.55.52.104', os.name: 'Windows 10', os.arch: 'amd64', os.version: '10.0', java.version: '1.8.0_221'
Driver info: org.openqa.selenium.chrome.ChromeDriver
Capabilities {acceptInsecureCerts: false, browserName: chrome, browserVersion: 77.0.3865.90, chrome: {chromedriverVersion: 76.0.3809.126 (d80a294506b4..., userDataDir: C:\Users\MOHIT~1.JAI\AppDat...}, goog:chromeOptions: {debuggerAddress: localhost:52106}, javascriptEnabled: true, networkConnectionEnabled: false, pageLoadStrategy: normal, platform: XP, platformName: XP, proxy: Proxy(), setWindowRect: true, strictFileInteractability: false, timeouts: {implicit: 0, pageLoad: 300000, script: 30000}, unhandledPromptBehavior: dismiss and notify}
Session ID: 2f07d17d1b4794803aa3f14239b7e756
at org.openqa.selenium.remote.codec.w3c.W3CHttpResponseCodec.createException(W3CHttpResponseCodec.java:191)
at org.openqa.selenium.remote.codec.w3c.W3CHttpResponseCodec.decode(W3CHttpResponseCodec.java:125)
at org.openqa.selenium.remote.codec.w3c.W3CHttpResponseCodec.decode(W3CHttpResponseCodec.java:52)
at org.openqa.selenium.remote.HttpCommandExecutor.execute(HttpCommandExecutor.java:161)
at org.openqa.selenium.remote.service.DriverCommandExecutor.execute(DriverCommandExecutor.java:83)
at org.openqa.selenium.remote.RemoteWebDriver.execute(RemoteWebDriver.java:576)
at org.openqa.selenium.remote.RemoteWebDriver.perform(RemoteWebDriver.java:646)
at org.openqa.selenium.interactions.Actions$BuiltAction.perform(Actions.java:613)
at com.atmecs.pages.ContextMenuPages.contextMenu(ContextMenuPages.java:79)
at com.atmecs.script.ContextMenuScript.context(ContextMenuScript.java:16)
... Removed 29 stack frames]]>
    </failure>
  </testcase> <!-- context -->
</testsuite> <!-- Test -->
